<?xml version="1.0" encoding="UTF-8"?>
<!-- Generated by org.testng.reporters.JUnitReportReporter -->
<testsuite skipped="0" hostname="DESKTOP-EMDOR70" name="Weather_check_Test_Cases.StartUpCheck" tests="2" failures="0" timestamp="30 Jul 2020 00:41:19 GMT" time="12.215" errors="0">
  <testcase name="WeatherPageNavigation" time="9.670" classname="Weather_check_Test_Cases.StartUpCheck"/>
  <testcase name="WeatherCheck" time="2.545" classname="Weather_check_Test_Cases.StartUpCheck"/>
</testsuite> <!-- Weather_check_Test_Cases.StartUpCheck -->
